<?xml version="1.0" encoding="UTF-8"?>
<testng-results ignored="0" total="1" passed="1" failed="0" skipped="0">
  <reporter-output>
  </reporter-output>
  <suite started-at="2024-02-12T11:25:02 IST" name="Default suite" finished-at="2024-02-12T11:25:09 IST" duration-ms="7200">
    <groups>
    </groups>
    <test started-at="2024-02-12T11:25:02 IST" name="Default test" finished-at="2024-02-12T11:25:09 IST" duration-ms="7200">
      <class name="com.restassured.XmlSchemaValidation">
        <test-method signature="schemaValidation()[pri:0, instance:com.restassured.XmlSchemaValidation@72d1ad2e]" started-at="2024-02-12T11:25:02 IST" name="schemaValidation" finished-at="2024-02-12T11:25:09 IST" duration-ms="7118" status="PASS">
          <reporter-output>
          </reporter-output>
        </test-method> <!-- schemaValidation -->
      </class> <!-- com.restassured.XmlSchemaValidation -->
    </test> <!-- Default test -->
  </suite> <!-- Default suite -->
</testng-results>
